<?xml version="1.0" encoding="UTF-8"?>
<testng-results ignored="0" total="2" passed="2" failed="0" skipped="0">
  <reporter-output>
  </reporter-output>
  <suite started-at="2022-04-23T12:50:30 IST" name="Suite2" finished-at="2022-04-23T12:50:48 IST" duration-ms="17964">
    <groups>
    </groups>
    <test started-at="2022-04-23T12:50:30 IST" name="Test1" finished-at="2022-04-23T12:50:48 IST" duration-ms="17919">
      <class name="TestNG.multibrowser">
        <test-method signature="tc1(java.lang.String)[pri:0, instance:TestNG.multibrowser@4e7912d8]" started-at="2022-04-23T12:50:30 IST" name="tc1" finished-at="2022-04-23T12:50:48 IST" duration-ms="17803" status="PASS">
          <params>
            <param index="0">
              <value>
                <![CDATA[chrome]]>
              </value>
            </param>
          </params>
          <reporter-output>
          </reporter-output>
        </test-method> <!-- tc1 -->
      </class> <!-- TestNG.multibrowser -->
    </test> <!-- Test1 -->
    <test started-at="2022-04-23T12:50:30 IST" name="Test2" finished-at="2022-04-23T12:50:48 IST" duration-ms="17964">
      <class name="TestNG.multibrowser">
        <test-method signature="tc1(java.lang.String)[pri:0, instance:TestNG.multibrowser@4d0f2471]" started-at="2022-04-23T12:50:30 IST" name="tc1" finished-at="2022-04-23T12:50:48 IST" duration-ms="17858" status="PASS">
          <params>
            <param index="0">
              <value>
                <![CDATA[edge]]>
              </value>
            </param>
          </params>
          <reporter-output>
          </reporter-output>
        </test-method> <!-- tc1 -->
      </class> <!-- TestNG.multibrowser -->
    </test> <!-- Test2 -->
  </suite> <!-- Suite2 -->
</testng-results>
